<?xml version="1.0" encoding="UTF-8"?>
<!-- Generated by org.testng.reporters.JUnitReportReporter -->
<testsuite hostname="LAPTOP-RK4E0QFO" failures="0" tests="2" name="com.banking.testCases.TC_LoginCheck_001" time="2.402" errors="0" timestamp="2022-05-15T14:04:19 IST" skipped="0">
  <testcase classname="com.banking.testCases.TC_LoginCheck_001" name="titleCheck" time="0.029"/>
  <system-out/>
  <testcase classname="com.banking.testCases.TC_LoginCheck_001" name="loginCheck" time="2.373"/>
  <system-out/>
</testsuite> <!-- com.banking.testCases.TC_LoginCheck_001 -->
