<?xml version="1.0" encoding="UTF-8"?>
<!-- Generated by org.testng.reporters.JUnitReportReporter -->
<testsuite skipped="0" hostname="LAPTOP-RK4E0QFO" name="com.banking.testCases.TC_LoginCheck_001" tests="1" failures="0" timestamp="2022-07-28T22:22:05 IST" time="13.730" errors="0">
  <testcase name="loginCheck" time="13.730" classname="com.banking.testCases.TC_LoginCheck_001"/>
  <system-out/>
</testsuite> <!-- com.banking.testCases.TC_LoginCheck_001 -->
