<?xml version="1.0" encoding="UTF-8"?>
<!-- Generated by org.testng.reporters.JUnitReportReporter -->
<testsuite hostname="LAPTOP-RK4E0QFO" failures="0" tests="1" name="com.banking.testCases.TC_LoginCheck_001" time="1.882" errors="0" timestamp="2022-07-28T22:27:58 IST" skipped="0">
  <testcase classname="com.banking.testCases.TC_LoginCheck_001" name="loginCheck" time="1.882"/>
  <system-out/>
</testsuite> <!-- com.banking.testCases.TC_LoginCheck_001 -->
