<?xml version="1.0" encoding="UTF-8"?>
<!-- Generated by org.testng.reporters.JUnitReportReporter -->
<testsuite skipped="0" hostname="LAPTOP-RK4E0QFO" name="com.banking.testCases.TC_LoginCheck_001" tests="2" failures="0" timestamp="2022-05-15T14:05:35 IST" time="3.135" errors="0">
  <testcase name="titleCheck" time="0.092" classname="com.banking.testCases.TC_LoginCheck_001"/>
  <system-out/>
  <testcase name="loginCheck" time="3.043" classname="com.banking.testCases.TC_LoginCheck_001"/>
  <system-out/>
</testsuite> <!-- com.banking.testCases.TC_LoginCheck_001 -->
